 1_01da3f4774c4f97a__25383af3_14a54d3f93a__8000	IBC_Bank
 1_03307da94f7c6e3a_353d78d_14cd83d0510__8000	Southern_Regional_Technical_College
 1_062626d6e3c71c34_7bd3356b_1419df5343e__8000	Gowlings
 1_07bc5a8fe313e647__7432a5c5_15d84bf8172__8000	skechers
 1_07e4abb8c7cfd79f_3d373a18_1576713a9f5__8000	Linder_Industrial
 1_0878bcc8e125751a__67d4ca20_1582538decc__8000	Beverages_and_More
 1_09842f1b6ff9745d_3ffd2d39_146d3d0dce4__8000	E_Ink_Corporation
 1_0b16f2be914ff46b_134bed0_115b8c65386__8000	MessageLabs_Australia
 1_0b16f2be914ff46b_134bed0_115b8cdf884__8000	Walthausen_And_Co
 1_0b16f2be914ff46b_134bed0_115c8b3bd77__8000	VerdisInvestmentManagement
 1_0b16f2be914ff46b_134bed0_11615702199__8000	Amelia_Island_Plantation
 1_0b16f2be914ff46b_134bed0_1161fcec2b5__8000	MessageLabs_Toronto
 1_0b16f2be914ff46b_134bed0_1161ff8933e__8000	T_Bank
 1_0b16f2be914ff46b_134bed0_11663da1609__8000	Apogee_Global_Advisors
 1_0b16f2be914ff46b_134bed0_1168736aca0__8000	Apogee_Global_Advisors
 1_0b16f2be914ff46b_134bed0_1168d3f370f__8000	Walthausen_And_Co
 1_0b16f2be914ff46b_134bed0_116a5d341a8__8000	Garver_Group
 1_0b16f2be914ff46b_134bed0_116b108c824__8000	Newspaper_National_Network
 1_0b16f2be914ff46b_134bed0_116ca11e943__8000	Alberta_Ingenuity_Fund
 1_0b16f2be914ff46b_134bed0_116edd0539f__8000	Cardworks
 1_0b16f2be914ff46b_134bed0_116fd8bb687__8000	Sephora
 1_0b16f2be914ff46b_134bed0_1175ac490bd__8000	State_Super_Financial_Services
 1_0b16f2be914ff46b_134bed0_117d0f977cd__8000	Seamark_Asset_Financial
 1_0b16f2be914ff46b_134bed0_1180e7e0cde__8000	ICP_Captial
 1_0b16f2be914ff46b_134bed0_11841e97e94__8000	T_Bank
 1_0b16f2be914ff46b_134bed0_1189fba5873__8000	Trilby_Misso
 1_0b16f2be914ff46b_134bed0_118bdaa9578__8000	World_Data_Products
 1_0b16f2be914ff46b_134bed0_118c22ea94d__8000	Frontage_Labs
 1_0b16f2be914ff46b_134bed0_118f6bc2242__8000	Blue_Rock_Advisors
 1_0b16f2be914ff46b_134bed0_1190b8d7c2f__8000	Aventine
 1_0b16f2be914ff46b_134bed0_1191b375ba7__8000	J_Goldman
 1_0b16f2be914ff46b_134bed0_1199ab568c3__8000	Fiduciary_Asset_Management
 1_0b16f2be914ff46b_134bed0_119b95e108e__8000	ICR
 1_0b16f2be914ff46b_134bed0_119de74fb30__8000	Vistronix
 1_0b16f2be914ff46b_13d93f4_110c66c229b__8000	Jesup_and_Lamont_Securities
 1_0b16f2be914ff46b_13d93f4_11418a69221__8000	NFP
 1_0b16f2be914ff46b_186c6b2_1080c31d093__8000	fortiva_colorado
 1_0b16f2be914ff46b_186c6b2_10820c20891__8000	MessageLabs
 1_0b16f2be914ff46b_329f3d_11123cd3aee__8000	MadisonDearbornPartners
 1_0b16f2be914ff46b_329f3d_1115b6a5d2f__8000	Tamarind
 1_0b16f2be914ff46b_329f3d_111dcf8f079__8000	Choices_Inc
 1_0b16f2be914ff46b_329f3d_111dd13cd57__8000	Mutual_Of_America
 1_0b16f2be914ff46b_329f3d_11225313b96__8000	McAdams_Wright_Ragen
 1_0b16f2be914ff46b_329f3d_11233eaa6ee__8000	Tri_County_Bank
 1_0b16f2be914ff46b_329f3d_11248c0ca27__8000	Dudley_Hopton
 1_0b16f2be914ff46b_329f3d_1124d34c4be__8000	Russell_And_Herder
 1_0b16f2be914ff46b_329f3d_1128b7e6aa4__8000	Telx_Group
 1_0b16f2be914ff46b_329f3d_112a02a6603__8000	Sanmina
 1_0b16f2be914ff46b_329f3d_112fcd1b8c6__8000	SGAE
 1_0b16f2be914ff46b_329f3d_1136dcbb7c7__8000	Moseley_Architects
 1_0b16f2be914ff46b_329f3d_113baac8ce3__8000	Cap_Group
 1_0b16f2be914ff46b_329f3d_1140864206d__8000	Moss_Adams
 1_0b16f2be914ff46b_329f3d_11408694a11__8000	Silver_Creek
 1_0b16f2be914ff46b_329f3d_1141d6d301b__8000	OTA_Multistrategy_Advisors
 1_0b16f2be914ff46b_329f3d_11426f0998b__8000	Fortiva_CO2
 1_0b16f2be914ff46b_329f3d_1144b51c712__8000	Access_Financial_Services
 1_0b16f2be914ff46b_329f3d_1146a247532__8000	Request_Foods
 1_0b16f2be914ff46b_329f3d_1146a3b483a__8000	IUE_CWA_Benefits
 1_0b16f2be914ff46b_329f3d_114701cb50c__8000	Omega_Hospital
 1_0b16f2be914ff46b_329f3d_115055122cd__8000	PAWS_JV
 1_0b16f2be914ff46b_329f3d_115294e6547__8000	Oberon_Media
 1_0b16f2be914ff46b_329f3d_11537c11b68__8000	Torrey_Pines
 1_0b16f2be914ff46b_329f3d_1153df19066__8000	First_Federal_S_And_L_Of_Port_Angeles
 1_0b16f2be914ff46b_329f3d_1153df78e1d__8000	Kaspick
 1_0b16f2be914ff46b_329f3d_11561073c34__8000	Kreher_Steel
 1_0b16f2be914ff46b_329f3d_11586d8a1cd__8000	Paducah
 1_0b16f2be914ff46b_ef5502_11a2bef2e94__8000	Sydney_Adventist_Hospital
 1_0b16f2be914ff46b_ef5502_11a3010836a__8000	PMI_Mortgage_Insurance
 1_0b16f2be914ff46b_ef5502_11a930b4392__8000	Trilby_Misso_2
 1_0b16f2be914ff46b_ef5502_11ab6de2a5c__8000	Savvis
 1_0b16f2be914ff46b_ef5502_11acb71c67b__8000	BankPlus
 1_0b16f2be914ff46b_ef5502_11b6af6bee6__8000	Xanodyne_Pharmaceuticals
 1_0b16f2be914ff46b_ef5502_11ba3f35fc4__8000	CL_King
 1_0b16f2be914ff46b_ef5502_11c6bf917d5__8000	First_Northern_Bank
 1_0b16f2be914ff46b_ef5502_11cb921590e__8000	Wrigley_Company
 1_0b16f2be914ff46b_ef5502_11cfc469992__8000	Real_Estate_Institute_of_Western_Australia
 1_0eb3ad191ed4dd9d_6273b3ba_15d37611617__8000	svlifesciencesadvisors
 1_0ef7b8c04d671f65_30627edd_15e3e45ce4a__8000	Embrace_Home_Loans
 1_11660af31af35f51_44126d63_151f8c8e3eb__8000	BKD
 1_11d1def534ea1be0_1db4f6f_1197bc3ff34__8000	Capozzi_And_Associates
 1_123313451537fbf8__5c81d221_15c7dad8ac8__8000	Metlife
 1_13d34c45bdffb6dd__48d20f3a_15917a5cfb2__8000	Arizona_Priority_Care
 1_1514e5ed5c41b697_5ba11f70_154812d622f__8000	Delmarva_Foundation
 1_158f2867cb34aca2__1cfb329f_14e30cc9849__8000	Select_Medical-Concentra
 1_1593fc597da9a942_6f2e4a40_14cba5b0432__8000	Administrators_for_the_Professions_Inc
 1_18a37eb736db8c1e__5e5d833d_1484c34bbae__8000	AdvanceAuto_HOSTED
 1_18edf503a2d54f46__5d247275_149f2fb1c8e__8000	Camden_Public_Schools
 1_19874b44098c14d0_70542524_15bc46dffd3__8000	asburygroup
 1_1b5d849390b9421f__3e718705_147f3c93a3d__8000	Aid_Atlanta
 1_1cb32c7f6e698e60__6b992996_151f298485a__8000	Alpine_Bank
 1_1d168eda9baef8e1_49cf46aa_15236273c61__8000	Country_Insurance_and_Financial_Services
 1_2056f5cc9cea7532_84c4154_15b48ce40a1__8000	Nighthawk_Nominees
 1_211ed2961e85820b__18de61a6_15341aa23d4__8000	Fidelity_Life
 1_215100055b2f6047__7fa85601_148362d2752__8000	UDR_Inc
 1_235fb43d91a88ffe__4840d0b_1554f48fedb__8000	Charter_Communications
 1_24234921bc0d22e7__4348a8e0_1582b959242__8000	HIT_Advisers
 1_24404c292c7fb394_f7bff75_151c9ef09cd__8000	Guaranty_Bank_Missouri
 1_24c0a6024f9517a4__16fb937a_14547fbdf41__8000	Pinnacle_Capital_Mortgage
 1_2574fca30272487d__7cee0136_158d9ecd43a__8000	Desert_Oasis_Healthcare
 1_269f39c6529eef06__25c2c39f_143119e46e9__8000	BRIGHT_HORIZONS
 1_26c0647eaa85d21d_59334ce8_14cbe97b29b__8000	United_Stationers
 1_2afdcf66cf3ff22a__5d7b708b_14c4d70da52__8000	Northeast_Bank
 1_2ea3abf2562f1af7_48ee3ac7_14aa334329c__8000	Smoky_Mountain_Center
 1_307a0f669911023d_34b6fe50_15694d60c42__8000	Allianz_SFRE
 1_312af72392a8b7d7_6c43689_14cbf5b8f9c__8000	National_Football_League
 1_31ca32b30f04c274__6bde8200_15399256df6__8000	Aires
 1_333b4c77cc7b479b__65580d73_1575265f35b__8000	pro_football_hall_of_fame_onprem
 1_35cc976c1d3d1ff1__18efe7da_151f7b5d4bf__8000	Azz_Inc
 1_3751d14cb051a12d__10433ef0_15aec11967f__8000	Century_21
 1_389b554d8a5eea81__7cad4095_1592318db64__8000	Greater_Illinois_Title_Company_Inc
 1_3c0c384523e3a090__165f15a6_148a4209026__8000	Cushman_And_Wakefield__Hosted
 1_3f771d4953c52d28__4071acca_15b8270983d__8000	California_Department_of_Veteran_Affairs
 1_40295ab648386d05_2c89625c_149f4c1b450__8000	Akamai
 1_407e04a9457de690_4bb0b98d_14c6bdca094__8000	National_Football_League_Hosted
 1_40cf1a79b10a5ac3_731f9b12_14a40324118__8000	Capital_One_Lab
 1_42300dcbdeecf626__796182ad_14368cda458__8000	USPH
 1_426101a9d65903d9_12c35aef_14f82602529__8000	squareenix
 1_42730e20989cc4df_4739419e_15d1923d6a2__8000	Alteryx
 1_44d6c173b1692168_1d573083_150b18471d7__8000	crsi
 1_4585e19180884d08_217003f2_159db6e2e82__8000	Raymond_James_Financial_POC
 1_4954a2b75f1a617f_39de4736_15ccbec90e3__8000	ArchiveandDiscover
 1_49b8a79d565a1239__45e9e862_15989103051__8000	New_Mexico_Mutual
 1_4a500a6103b2d5e3__5f98d325_1434a95438e__8000	IBMSEFCU
 1_4a8d9be55cc1398b_127d74f4_133f11dee18__8000	Crocs
 1_4a8d9be55cc1398b_19209ea_1331803f0ed__8000	Telus
 1_4a8d9be55cc1398b_19209ea_13327b89aef__8000	Houlihan_Lokey_Howard_and_Zukin
 1_4a8d9be55cc1398b_2c4ce0b9_133ae52aa06__8000	Advocate_Brokerage
 1_4a8d9be55cc1398b__2e4dfffb_132bb2c5fd4__8000	Technology_Credit_Union
 1_4a8d9be55cc1398b__4031bfa3_133f58c9ff5__8000	Sterling_InfoSystems
 1_4a8d9be55cc1398b__7d13888d_134009ddf80__8000	Sana_IT_Service_GmbH
 1_4a8d9be55cc1398b_a61164_12d3de525b0__8000	DOI
 1_4a8d9be55cc1398b_e2dae9_12904094f26__8000	Midwest_Palliative_and_Hospice_CareCenter
 1_4a8d9be55cc1398b_e2dae9_12960cb4f1f__8000	Hy_Tek_Material_Handling_Inc
 1_4a8d9be55cc1398b_e2dae9_1298009823d__8000	Adroit_Insurance_Group
 1_4a8d9be55cc1398b_e2dae9_129801e1b1b__8000	Novartis
 1_4a8d9be55cc1398b_e2dae9_129803bade6__8000	Sterling_Savings
 1_4a8d9be55cc1398b_e2dae9_1298055ff5e__8000	Suncoast_Schools_Federal_Credit_Union
 1_4a8d9be55cc1398b_e2dae9_129806e6c86__8000	Square_Enix
 1_4a8d9be55cc1398b_e2dae9_129895ce53b__8000	Eloqua
 1_4a8d9be55cc1398b_e2dae9_12989d0eed4__8000	Dekalb_Technical_College
 1_4a8d9be55cc1398b_e2dae9_1298b40560b__8000	Chet_Morrison_Contractors
 1_4a8d9be55cc1398b_e2dae9_12a2481b77e__8000	Heritage_Oaks_Bank
 1_4a8d9be55cc1398b_e2dae9_12a48721624__8000	ICANN
 1_4a8d9be55cc1398b_e2dae9_12ac4283475__8000	Turville_Bay_MRI_And_Radiation_Oncology_Center
 1_4a8d9be55cc1398b_e2dae9_12b5a0f41ee__8000	AEW_Capital_Management
 1_4a8d9be55cc1398b_e2dae9_12b63eb0f95__8000	Active_Network
 1_4a8d9be55cc1398b_e2dae9_12b87cc56d9__8000	Accenture
 1_4a8d9be55cc1398b_e2dae9_12b8cbe4dee__8000	USDA
 1_4a8d9be55cc1398b_e2dae9_12ba5bd0c62__8000	Georgia_Department_of_Technical_and_Adult_Education
 1_4a8d9be55cc1398b_e2dae9_12bd5c83726__8000	University_of_North_Carolina_Charlotte
 1_4a8d9be55cc1398b_e2dae9_12c091a159c__8000	Proofpoint_Professional_Services
 1_4a8d9be55cc1398b_e2dae9_12c0d432010__8000	Proofpoint_Sales_Engineers
 1_4a8d9be55cc1398b_e2dae9_12c6086c910__8000	GA_DTAE
 1_4a8d9be55cc1398b_e2dae9_12c79371472__8000	Southeastern_Technical_College_GA_DTAE
 1_4a8d9be55cc1398b_e2dae9_12cc25c28cc__8000	Columbus_Technical_College
 1_4a8d9be55cc1398b_e2dae9_12cc27d85dc__8000	Gwinnett_Technical_College
 1_4a8d9be55cc1398b_e2dae9_12cc28ede79__8000	Heart_of_GA_Technical_College
 1_4a8d9be55cc1398b_e2dae9_12cc2a495e7__8000	Ogeechee_Technical_College
 1_4a8d9be55cc1398b_e2dae9_12cd18e653d__8000	DuPont
 1_4a8d9be55cc1398b_e2dae9_12d0eeaf8e9__8000	JEFFERSONRAD
 1_4a8d9be55cc1398b_e2dae9_12d10e68518__8000	Community_Memorial_Health_Services
 1_4a8d9be55cc1398b_e2dae9_12d3cd7e660__8000	Cadogan_Management
 1_4a8d9be55cc1398b_e2dae9_12de2dbde8f__8000	ICANN
 1_4a8d9be55cc1398b_e2dae9_12e06d69cb1__8000	HarborOne_Credit_Union
 1_4a8d9be55cc1398b_e2dae9_12e108d6b4a__8000	Blue_Cross_Blue_Shield_of_South_Carolina
 1_4a8d9be55cc1398b_e2dae9_12e6d611d88__8000	West_GA_Technical_College_GA_DTAE
 1_4a8d9be55cc1398b_e2dae9_12e916d85bf__8000	OTCex_Group
 1_4a8d9be55cc1398b_e2dae9_12ec4b1e150__8000	Proofpoint_Professional_Services
 1_4a8d9be55cc1398b_e2dae9_12eca7169a4__8000	Moultrie_Technical_College
 1_4a8d9be55cc1398b_e2dae9_12ed9fb2946__8000	Jeppesen_Sanderson
 1_4a8d9be55cc1398b_e2dae9_12f083ddf67__8000	North_Georgia_Technical_College
 1_4a8d9be55cc1398b_e2dae9_12fda2d539f__8000	West_Gate_Horizons_Advisor
 1_4a8d9be55cc1398b_e2dae9_1300f8ae5c3__8000	State_of_California
 1_4a8d9be55cc1398b_e2dae9_1305174c4c3__8000	FAIRPAY
 1_4a8d9be55cc1398b_e2dae9_1308a765862__8000	Wiregrass_Technical_College
 1_4a8d9be55cc1398b_e2dae9_130aed86534__8000	Litle_and_Co
 1_4a8d9be55cc1398b_e2dae9_130b5a142dc__8000	TD_Ameritrade
 1_4a8d9be55cc1398b_e2dae9_130b87dcd6a__8000	Abadi_Co_Group
 1_4a8d9be55cc1398b_e2dae9_130d746f53e__8000	Albany_Technical_College
 1_4a8d9be55cc1398b_e2dae9_13142e82310__8000	Applied_Materials
 1_4a8d9be55cc1398b_e2dae9_131a9ac71f8__8000	Augusta_Technical_College
 1_4a8d9be55cc1398b_e2dae9_131f925047b__8000	Middle_Georgia_Technical_College
 1_4a8d9be55cc1398b_e2dae9_132a62dbcbd__8000	Boenning_And_Scattergood
 1_4a8d9be55cc1398b_e2dae9_132b07d8e3b__8000	Simmons_First_National_Bank
 1_4a8d9be55cc1398b_e2dae9_132b09b842a__8000	Morgan_Keegan
 1_4a8d9be55cc1398b_e2dae9_132bcf7f610__8000	Colorado_Springs_School_District_11
 1_4a8d9be55cc1398b_e2dae9_132cf2f5d43__8000	ORIX_USA
 1_4a8d9be55cc1398b_e2dae9_133931b59ab__8000	Dow_Jones
 1_4a8d9be55cc1398b_e2dae9_13394c2500c__8000	St_Luke_Hospital
 1_4aefaa5c6132a64b__dd068fa_14c6bdd021a__8000	Accuvant
 1_4b0f0257d37ed61a_4fd67992_154e28144ba__8000	New_Jersey_Resources
 1_4b115dcbfd1488db__265300e2_15da9d4e7a2__8000	usbankcorp
 1_4fcd40a1fc87c20b__11e9f87d_15b2acb7c71__8000	US_Bancorp
 1_50ad3126cff68374__7ce5bab6_15aed659713__8000	Meggitt_plc
 1_512bd297c41c6a57__73d4bccc_1552613a540__8000	Kearny_Bank
 1_5275f30e1a38b388_26e7a89b_13c06414e12__8000	FishNet_Security
 1_5275f30e1a38b388_310289b7_13bbf20fa7e__8000	Superior_Energy
 1_5275f30e1a38b388_340bd715_13c257c1dce__8000	Icon_Health_And_Fitness
 1_5275f30e1a38b388__3c6d23bc_13b6c86f918__8000	University_Health_System
 1_5275f30e1a38b388__469a47f5_13be1e174cb__8000	J_R_Simplot
 1_5275f30e1a38b388__47c2d22a_13b623535b1__8000	Toyota
 1_5275f30e1a38b388_49a6a413_13c18444262__8000	Merchants_Bank_of_Vermont
 1_5275f30e1a38b388_4bdba2e6_13b6c211008__8000	Toyota_New
 1_5275f30e1a38b388_4f46e717_13b9b28fcc2__8000	Okefenokee_Technical_College
 1_5275f30e1a38b388__54328e5d_13b9b345a87__8000	Arizona_Tile
 1_5275f30e1a38b388__55290ca7_13b00ce7fe1__8000	Petco_Animal_Supplies_New
 1_5275f30e1a38b388__5bcff7b6_13b6cacdc91__8000	TMMC
 1_5275f30e1a38b388__62ebda77_13bd85214de__8000	Edelman_Financial_Group
 1_5275f30e1a38b388__6d13092b_13c4f51495d__8000	National_Exchange_Carrier_Association
 1_5275f30e1a38b388__7f755f16_13af6bf8e55__8000	Cambro_Manufacturing
 1_5275f30e1a38b388__8e2ee4_13b9bf05f99__8000	CHSi
 1_52b2324308decbc8_4fc1efcd_152d6657b40__8000	Rosens_Diversified_Inc
 1_5674b5e891f321f3_548ecbb_151f864d2a2__8000	Five_Star_Quality_Care
 1_56adb70059fa0f71_4f13da1a_15a85232c8a__8000	MiTek_Inc
 1_5771084dbd3f9218_f76cda3_143ea6399c8__8000	EOUSA
 1_57f2e262cfb36cbb_55e1bac2_144dbdeaab0__8000	Royal_Bank_Scotland_Production
 1_5816f89d6d382ba3__6c58193_14f00d80243__8000	Nexgate
 1_58f1b15d858730bc__578962c1_15b1534e474__8000	Meridian_Services
 1_590d47fd39cec320_4b62019f_15e0f7a7f00__8000	US_Bancorp
 1_5c0279f6b5164580_39160c9e_156dcf04009__8000	merrick_bank_corp
 1_5ed09929760e6d7a_e2dae9_128a6d099d0__8000	Brisbane_Grammar_School
 1_5ed09929760e6d7a_e2dae9_128b2224646__8000	Pension_Financial_Services_Australia
 1_5ed09929760e6d7a_e2dae9_128d125da57__8000	Weatherford_International
 1_5ed09929760e6d7a_e2dae9_128dae95190__8000	Tradingscreen
 1_60acd858a2fff426__23886300_142ba2ccb1c__8000	Toyota_Motor_Manufacturing_Canada
 1_614bbce86bd9b048_79fdf76e_142b9d0c160__8000	RosenS_Diversified_Inc
 1_6204954a54777f0d__2adae465_1515f2cb0a6__8000	Cohere_Communications
 1_62926535a278ea16__7ff03650_14368ef2708__8000	Starpt
 1_62e2598438160acf__5dc3bd97_146d738723d__8000	cushwake
 1_639deedf6a706e83__beedf9c_15988ddba0c__8000	Cardworks_L.P
 1_64dd3ad91118553c_713ea0a5_146ca412014__8000	Nu_Way_Industries_Inc
 1_654b8a419fcb3fb6__317d7675_1532cf40262__8000	Microsoft_o365_Dedicated_Engineering_Lab
 1_65a485d9c9b8e038__49caff6d_1468762b894__8000	Solarcity
 1_665273844e94809d__753d552d_153423ee806__8000	Charter_Communications
 1_67a3c0d467b2849b__3592f2dc_15559de6ca6__8000	ANTARES_CAPITAL
 1_67d4a2e37b2ac795__1e27f7c4_14c52aee8da__8000	McCourt_Global
 1_68ddfebc16eb4b9e__20cc939f_15062edbc45__8000	dcgovernment
 1_69b45a3bdbb2658c__6a0ab88_15b1f924ecf__8000	HomeAdvisor
 1_6fc7148d5cbf9d92__b5db9f0_14b83fc4d84__8000	Can_Capital
 1_704210ae0efd94c1_c97bbf9_157d8809ef5__8000	Walmart_Canada
 1_712cb1700e4d77a7__20f49b3_15edde2fa80__8000	familydollar
 1_71b325d94080ae3a__3092ecbe_15e0564fb09__8000	alteryx
 1_71cc833d88b9c366__bf450ce_146d3d276fe__8000	Ameritox
 1_7299c3b1f46fa641_6b63896d_1420f44e472__8000	HALIFAX_HEALTH
 1_749ed9de8bc76b4a__4cce4bd4_1591ca05f56__8000	Taos_Health_Systems_Inc_Holy_Cross_Hospital
 1_7847973fa817017f__632ad9df_15d14543096__8000	aegonusa
 1_787b2d77d4de2d92_d5df808_146adb411c8__8000	Opus_Group
 1_790cfc4ed12524af__36e1abd0_15c1c8e0215__8000	California_Dept_of_Water_Resources
 1_7af4ea817023f790_34584482_14edc70b2ec__8000	Nexsen_Pruet_LLC
 1_7dbf6800649087d1__4d5e5578_15ebe78f6be__8000	Prime
 1_7e989fab9ddfd275__661f34cf_141e76430b3__8000	CME_Group
 1_81ff53daf4a28b86__441fd538_15e2ea2533f__8000	21cf
 1_83f74f8653fcc16c_34c9de12_15676567c35__8000	Town_of_Southampton_OnPrem
 1_844d39f075325a8c__2856d6c9_148fb65b488__8000	Walmart_Stores
 1_84914b48c5bb3d4a_22ad10ae_15d1328047d__8000	Metlifeuat
 1_85cd4a8329c3725b__543f0481_15ca33c95b7__8000	ElavonUS
 1_863b6d8f35d19053__1382362f_151ce8922ba__8000	Comprehensive_Health_Services
 1_87b1b99bb45a030a__3b7b1780_14ee172d7eb__8000	Tanana_Chiefs_Conference
 1_88c310ca8e6fc391_9a776e3_15087e948a7__8000	US_Congressional_Budget_Office
 1_89b56880d38ac0a9_360acef4_143117389eb__8000	Apollo_Global_Management
 1_8e1989f9063de7eb_661a1600_15698c6f70f__8000	Allianz_AGCS
 1_901fb070e0880374_3f08e440_1430cd30b03__8000	AKQA
 1_9069ca78e7450a28_11f2ee1_123ba336cae__8000	Christus_Health
 1_9069ca78e7450a28_11f2ee1_1247264f2cb__8000	Home_Depot
 1_9069ca78e7450a28_11f2ee1_124a6c7ddfa__8000	Praemium
 1_9069ca78e7450a28_11f2ee1_124a74d2394__8000	Bare_Escentuals
 1_9069ca78e7450a28_11f2ee1_124b5cc96e3__8000	Central_Electric_Power_Coorperative
 1_9069ca78e7450a28_11f2ee1_124ea11ca8e__8000	Aon_Corp
 1_9069ca78e7450a28_11f2ee1_124feb74188__8000	Design_and_Build_Recruitement
 1_9069ca78e7450a28_11f2ee1_12513706466__8000	Denver_Investment_Advisors
 1_9069ca78e7450a28_11f2ee1_1255b3436e4__8000	Henley_Arch_Ltd
 1_9069ca78e7450a28_11f2ee1_1255b49152a__8000	Gifford_Fong_Associates
 1_9069ca78e7450a28_11f2ee1_1258e1c0543__8000	Century_Bank
 1_9069ca78e7450a28_11f2ee1_1259e389ddf__8000	Atlanta_Technical_College
 1_9069ca78e7450a28_11f2ee1_1259e4d26e6__8000	Lanier_Technical_College
 1_9069ca78e7450a28_11f2ee1_1259e61ba81__8000	Packaging_Dynamics
 1_9069ca78e7450a28_11f2ee1_1259ed23674__8000	GA_Northwestern_Technical_College
 1_9069ca78e7450a28_11f2ee1_125a21d86e3__8000	Southwest_Georgia_Technical_College
 1_9069ca78e7450a28_11f2ee1_125a23e7565__8000	Central_Georgia_Technical_College
 1_9069ca78e7450a28_11f2ee1_125b34618f6__8000	State_Owned_Enterprise_For_Irrigation_Modernisation_In_Northern_Victoria
 1_9069ca78e7450a28_11f2ee1_125b7db85f4__8000	Genworth_Financial
 1_9069ca78e7450a28_11f2ee1_125bd6d6c41__8000	Infinex_Financial_Group
 1_9069ca78e7450a28_11f2ee1_125db07c020__8000	Catholic_Health_System_Buffalo
 1_9069ca78e7450a28_11f2ee1_125db1318e8__8000	MBank
 1_9069ca78e7450a28_11f2ee1_125db40cb00__8000	Med3000
 1_9069ca78e7450a28_11f2ee1_125db778d43__8000	Altamaha_Technical_College
 1_9069ca78e7450a28_11f2ee1_125db80790d__8000	Chattahoochee_Technical_College
 1_9069ca78e7450a28_11f2ee1_126297eb2c2__8000	Mineral_Resources_Ltd
 1_9069ca78e7450a28_11f2ee1_126521cc490__8000	Solar_Shop_Australia_Pty_Ltd_Receivers
 1_9069ca78e7450a28_11f2ee1_126770c6b46__8000	Safe_Loans_Ltd
 1_9069ca78e7450a28_11f2ee1_126b43f2bd8__8000	Magyar_Bank
 1_9069ca78e7450a28_11f2ee1_126c43bee5c__8000	Colony_Capital
 1_9069ca78e7450a28_11f2ee1_126e2defcd7__8000	Ramius
 1_9069ca78e7450a28_11f2ee1_126e7b86706__8000	Healthcare_Appraisers
 1_9069ca78e7450a28_11f2ee1_12701df276e__8000	Pinellas_County_School_Board
 1_9069ca78e7450a28_11f2ee1_1270c274665__8000	Sterling_Fund_Management
 1_9069ca78e7450a28_11f2ee1_12720d4cb92__8000	Doric_Group_Pty_Ltd
 1_9069ca78e7450a28_11f2ee1_1275344d0cb__8000	Arizona_State_Retirement_System
 1_9069ca78e7450a28_11f2ee1_1275373b965__8000	ComputerLinks
 1_9069ca78e7450a28_11f2ee1_127685393d3__8000	Packaging_Dynamics_Inc
 1_9069ca78e7450a28_11f2ee1_1278ca8426a__8000	Stafford_County
 1_9069ca78e7450a28_11f2ee1_127aab19bfb__8000	Sydney_Anglican_Home_Mission_Society_Council
 1_9069ca78e7450a28_11f2ee1_127b4852877__8000	Healthcor
 1_9069ca78e7450a28_11f2ee1_127b55024d7__8000	Time_Warner
 1_9069ca78e7450a28_11f2ee1_127de8a3785__8000	Finlease
 1_9069ca78e7450a28_11f2ee1_127dea1caad__8000	Stout_Risius_Ross
 1_9069ca78e7450a28_11f2ee1_127fdd5ea17__8000	Sealanes_Pty_Ltd
 1_9069ca78e7450a28_11f2ee1_12802f0520b__8000	Wyoming_Business_Council
 1_9069ca78e7450a28_11f2ee1_128077ddb9f__8000	National_Express_Corp
 1_9069ca78e7450a28_11f2ee1_1282619401c__8000	Alex_Fraser_Group
 1_9069ca78e7450a28_11f2ee1_1285f929907__8000	Dematic_Pty_Ltd
 1_9069ca78e7450a28_11f2ee1_12868d47681__8000	Apache_Gold_Casino_Resort
 1_9069ca78e7450a28_13d93f4_10b6c22fe72__8000	FAM_Services
 1_9069ca78e7450a28_13d93f4_10b6c26ee6e__8000	HW_Wood_Ltd
 1_9069ca78e7450a28_13d93f4_10c15edbc8c__8000	Intech_Investment_Consultants
 1_9069ca78e7450a28_15b9e68_11011e14810__8000	Orion_South
 1_9069ca78e7450a28_15b9e68_1102bce8fb8__8000	McLean_Asset_Management
 1_9069ca78e7450a28_15b9e68_1104b4c4c20__8000	Padilla_Speer_Beardsley
 1_9069ca78e7450a28_15b9e68_1105509c1ca__8000	MessageLabs_Testing
 1_9069ca78e7450a28_15b9e68_11083c7cc0d__8000	Belfort_Furniture
 1_9069ca78e7450a28_17bd6a1_10e18f2c38c__8000	HendersonBrothers
 1_9069ca78e7450a28_17bd6a1_10e18f7c442__8000	BectonPropertyGroup
 1_9069ca78e7450a28_17bd6a1_10e38eaeb92__8000	HollencrestSecurities
 1_9069ca78e7450a28_17bd6a1_10e8a08c65f__8000	AtlanticPhilanthropies
 1_9069ca78e7450a28_17bd6a1_10ecd6db714__8000	McLean_Group
 1_9069ca78e7450a28_17bd6a1_10ecd797d09__8000	Endeavor_Energy
 1_9069ca78e7450a28_17bd6a1_10ee24fe471__8000	Catalyst_Investors
 1_9069ca78e7450a28_329f3d_1094034d818__8000	Fast_Track
 1_9069ca78e7450a28_329f3d_109d58f9304__8000	MNFA
 1_9069ca78e7450a28_329f3d_109d597b314__8000	Daniel_Stewart
 1_9069ca78e7450a28_329f3d_109f3ff917a__8000	Powe_Capital
 1_9069ca78e7450a28_329f3d_10a41b73bd6__8000	Star_Technology
 1_9069ca78e7450a28_329f3d_10a46a589fd__8000	Faculty_of_Public_Health
 1_9069ca78e7450a28_329f3d_10a4bb4394a__8000	CCLA_Investment_Management_Ltd
 1_9069ca78e7450a28_329f3d_10a4bf2a3bd__8000	Oldfield_Partners_LLP
 1_9069ca78e7450a28_82701e_108fd2d6e14__8000	Segall_Bryant_Hamill
 1_9069ca78e7450a28_bfc8e0_1230afdf650__8000	Proofpoint
 1_909e3ed6a1032acb__440265da_14e1dce2d5d__8000	Telular
 1_912b551756cf0d05_5e63391e_15b1fa17d63__8000	Oaktree_Capital_Management
 1_91b2fab38b03977b_20f5bd10_145ab19fe77__8000	Pacific_Crest_Securities
 1_926d8194b01f76d3__3b50003_157296c9991__8000	pro_football_hall_of_fame
 1_94c9ec5b6da54030__6c75382a_141e7807ee8__8000	chinatrustusa
 1_954e5540573c4572__268af945_1528906e8ae__8000	StateofArizona_DepartmentofEducation
 1_9badaa24d61d7392_39f7bc10_14b6f68bed9__8000	Credit_Acceptance_Corporation
 1_9becbc972c5d4e1e__71512a53_1471cc7b354__8000	American_Energy_Partners
 1_9c0d52b17e08ec31__5e0aabc_151ce842843__8000	Kind_Snacks
 1_9c1b560608845a73__4a103aca_14d071e3cea__8000	Hyland_Software
 1_9c4182b1c9697ed5_26f3d995_142b94661ca__8000	EmpRes
 1_9c4e9a5fc1f0814d__47f5c574_14e88f9fe2a__8000	Sisters_of_Charity
 1_9ca22fb336f03c1b__3f116963_15776ab20c0__8000	Buffalo_Bills
 1_a0757a540aa37675__6e97df61_15aec077d34__8000	Cigna_Corporation
 1_a1173546929b3e4d__213f0e49_158bb77b604__8000	Independent_Purchasing_Cooperative
 1_a1abf30e72189d92__6758fd98_15650f093cf__8000	Town_of_Southampton
 1_a2137190f27b9dee_c33d7d1_1513602180a__8000	H_and_E_Equipment_Services
 1_a253da8cb645016b_ee5812a_145b6861cea__8000	AQR
 1_a2c0a42eb52a0b6c__32f286fb_150068e07c3__8000	Broward_County_Clerk_of_Courts
 1_a3d3c6a63da64f2e_360ea26b_15b48af426e__8000	Specialty_Foods
 1_a3e01c5292c1dc0d_4d06c3f8_15757bc406a__8000	Genesee_and_Wyoming
 1_a410bba5d73c1619__5f7a4c46_14f6ace3596__8000	walmart
 1_a449be9cbfecdcbb_7b8a011_1586d95f1e1__8000	Beverages_and_More
 1_a6a6c2ea508b4818__1c617400_15398c81135__8000	BKD_LLP
 1_a824d9fad73bb226__4db3417b_14e1dcf012e__8000	Cal-Maine_Foods
 1_a8f50444c1de00f9_e2dae9_1201f0d03c4__8000	Neenan_Company
 1_a8f50444c1de00f9_e2dae9_12061ea65b6__8000	Australian_Retail_Franchise_Group
 1_a8f50444c1de00f9_e2dae9_12068241801__8000	Royal_Automobile_Association_Of_South_Australia
 1_a8f50444c1de00f9_e2dae9_1207cecf841__8000	State_Bar_of_CA
 1_a8f50444c1de00f9_e2dae9_1208709f74d__8000	The_Corporate_Partners
 1_a8f50444c1de00f9_e2dae9_120f8368446__8000	Plural_Investments_LLC
 1_a8f50444c1de00f9_e2dae9_1210c10bc73__8000	Odyssey_Logistics_and_Technology_Corp
 1_a8f50444c1de00f9_e2dae9_12135e1684e__8000	GlaxoSmithKline
 1_a8f50444c1de00f9_e2dae9_12164b8952b__8000	Proofpoint_Colorado
 1_a8f50444c1de00f9_e2dae9_1218dbe02b1__8000	Victoria_Racing_Club_Limited
 1_a8f50444c1de00f9_e2dae9_1218dcac3cf__8000	American_Bank_and_Trust
 1_a8f50444c1de00f9_e2dae9_1219d9c5ce3__8000	Whitney_Partners_LLC
 1_a8f50444c1de00f9_e2dae9_121a2d9c259__8000	Moelis_and_Company
 1_a8f50444c1de00f9_e2dae9_121ab6f0b3f__8000	GridPoint_Inc
 1_a8f50444c1de00f9_e2dae9_121ab7ba8a6__8000	Louisiana_State_Bar_Association
 1_a8f50444c1de00f9_e2dae9_121b0b2a78a__8000	INS_Bank
 1_a8f50444c1de00f9_e2dae9_121b0faf677__8000	CBC_Companies
 1_a8f50444c1de00f9_e2dae9_121d60c12eb__8000	GeoSphere_Capital
 1_a8f50444c1de00f9_e2dae9_121e951fbb0__8000	Pacific_Coast_National_Bank
 1_a8f50444c1de00f9_e2dae9_122316c041a__8000	VHA_Georgia
 1_a8f50444c1de00f9_e2dae9_12232ca6c68__8000	Wedbush_Morgan_Securities
 1_a8f50444c1de00f9_e2dae9_122996a8308__8000	Plural_Investments
 1_a8f50444c1de00f9_e2dae9_122a9813650__8000	Jetstar_Airways_Pty_Limited
 1_a8f50444c1de00f9_e2dae9_122f6916899__8000	Emmes_Asset_Management
 1_a8f50444c1de00f9_e2dae9_1230a9e3e57__8000	Centre_Partners_LLC
 1_a8f50444c1de00f9_e2dae9_1235bfd9420__8000	Victorian_Managed_Insurance_Agency
 1_a8f50444c1de00f9_e2dae9_12370a3cf98__8000	Quest_Systems
 1_a8f50444c1de00f9_e2dae9_123801696ef__8000	Meeting_Professional_International
 1_a8f50444c1de00f9_e2dae9_1239f4234d0__8000	Contra_Costa_Federal_Credit_Union
 1_a8f50444c1de00f9_e2dae9_123a995becf__8000	Independent_Pharmacy_Cooperative
 1_a8f50444c1de00f9_e2dae9_123e1eb7283__8000	Park_Bank
 1_a8f50444c1de00f9_e2dae9_123ed7fd9d6__8000	Gorman_Health_Group
 1_a8f50444c1de00f9_e2dae9_123ed8a4139__8000	ARJ_Infusion_Services
 1_a8f50444c1de00f9_e2dae9_123edb924f6__8000	Wisconsin_Alumni_Research_Foundation
 1_a8f50444c1de00f9_e2dae9_1244e85bb3f__8000	Fortigent
 1_a8f50444c1de00f9_e2dae9_124c01c208a__8000	OTA_Management
 1_a8f50444c1de00f9_e2dae9_124c06fdd90__8000	National_Association_of_Testing_Authorities
 1_a8f50444c1de00f9_ef5502_11df496a1a7__8000	Medical_University_of_South_Carolina
 1_a8f50444c1de00f9_ef5502_11e897bf304__8000	Centennial_Communications
 1_a8f50444c1de00f9_ef5502_11e89845f10__8000	Max_J_Kuney_Construction
 1_a8f50444c1de00f9_ef5502_11e8dea0fbe__8000	Lifelock
 1_a8f50444c1de00f9_ef5502_11eb1ad7726__8000	Mobility_Services_International
 1_a8f50444c1de00f9_ef5502_11ed5fd34ba__8000	IPS_Advisors
 1_a8f50444c1de00f9_ef5502_11f1a0af1b9__8000	Blitz_USA_Inc
 1_a8f50444c1de00f9_ef5502_11f3e23eb38__8000	North_Carolina_Housing_Finance_Agency
 1_a8f50444c1de00f9_ef5502_11f8fdac7ea__8000	Strox_Friedberg_LLC
 1_a8f50444c1de00f9_ef5502_11fa4da88d3__8000	Taiyo_Pacific_Partner_LP
 1_a8f50444c1de00f9_ef5502_11fa5012d79__8000	Brookview_Capital
 1_a8f50444c1de00f9_ef5502_11fb9478f30__8000	Ross_Smith_Energy_Group
 1_a8f50444c1de00f9_ef5502_11fddab7380__8000	First_Reserve_Corporation
 1_a9df9421923eae82__6d63a078_147694ba909__8000	Red_Lobster
 1_aa00ac43814bb9a1__5fc8dec2_159dbd34e6c__8000	Ping_Inc
 1_ab09b51e8709886e__431028a_14c8fc5dfb2__8000	Capital_One
 1_abb9153e3e0e7e3d__d97d6e6_1553b21267a__8000	Mars_Inc
 1_ae157e14a6f5bae7_517d0709_155096ed63f__8000	drivetime
 1_af2c17889dda6f3e_38f443a7_15ee2751256__8000	Proteus_Digital_Health
 1_b00aa3d57360e73a_6f1aeb43_152f4ca93d0__8000	Facebook_Titan
 1_b040b2499a22af45_4ae46b3a_15263e76389__8000	Crestwood_Midstream_Partners
 1_b0bb4aafdb79be36__45bb7e4c_151c9ecb10a__8000	Azz_Inc
 1_b131770c2a3cde65__1a7247fd_15ec9a6f85d__8000	Par_Pacific_Holdings_Inc
 1_b1f7ba24b6d54c4e__2bce36ad_1596f185eeb__8000	Facebook_Private_Archive
 1_b3ecbd0f971126d3__103fc1d7_157a2ff57b1__8000	kingsbrook
 1_b43f79d37855dd5b_47a3f711_143110b4337__8000	FIS
 1_b4554fc44b20fb73__39401d5_15cf465534c__8000	Midwest_Eye_Consultants
 1_b61a4c3a1346fdc0__452a59c5_1478d78f1bf__8000	Scottrade_Inc
 1_b6ddb26e62d399b1_6727ad29_14c23c4c00b__8000	Axis_Capital
 1_b7f829103d963ae6_554b23ec_14a36211754__8000	Skechers_USA_Inc
 1_b811f24f02d46049__68ce4297_156fee9f5da__8000	Facebook_Inc_TEST
 1_b816b4191e23b97f_c5473ec_15975f95d6a__8000	Tomy_Corporation
 1_b9a533b28fac7bb4__6ae3a37c_147c7ada684__8000	Xanterra
 1_b9c3c4fd9f41a2c0_3ff6d8c_158d9f02899__8000	Desert_Oasis_Healthcare
 1_ba0b71d988b0250c_602387b7_15c7da72754__8000	Liberator_Medical_Supply
 1_ba9ae4b5ec28f46b__2342b2ab_15746f9a3dc__8000	US_Bank_Corp_PoC
 1_bac2e3a4b399d1cc_1e751b0_15eba0e8264__8000	columbiacu
 1_bc9b46c4300866ea__71cd63b0_15135fd889b__8000	Bisk
 1_bfa2b16e93088372_755d1a4b_15c82ba02e9__8000	Banque_Laurentienne_du_Canada
 1_c04d15a022343ab7_379d3ed_146b32f0144__8000	issgovernance
 1_c0c1c5562ac808ad_24914036_15be8e675df__8000	MTL_Insurance
 1_c35429c06f41ec55__1a52dfbc_14424ca1307__8000	Hawaii_National_Bank
 1_c584298bbed88037__216b9b22_142c91956df__8000	OCPS
 1_c707dceb490eacc4_1876ce36_14e30cb8950__8000	Van_Barton_Group
 1_c7613765e76c41c7__12867cb6_14e1dcfb22a__8000	ENG_Lending_BAD
 1_c8f2067a65e29523_55e2dc6a_14683c97784__8000	Par_Petroleum
 1_c996dd02de5c23a2__109cbb0b_137e1414a6d__8000	Wyndham_Hotel_Group
 1_c996dd02de5c23a2_1105067d_1383a68baee__8000	Multi_Bank_Sercurities
 1_c996dd02de5c23a2_11e489f6_139077b0a54__8000	Mentor_Graphics
 1_c996dd02de5c23a2__135bff6b_1365e89a8f6__8000	Hanna_and_Brophy
 1_c996dd02de5c23a2__13dcc0ea_1392fe3954f__8000	Health_Advocate
 1_c996dd02de5c23a2_1531c385_1382a821dbe__8000	Wyndham_Hotels_and_Resorts_Indiania
 1_c996dd02de5c23a2__155b3dd7_13a460ff310__8000	Monarch_Community_Bank
 1_c996dd02de5c23a2_1610a8a_13ab8871dad__8000	Wyndham-WVRAP_New
 1_c996dd02de5c23a2_181df35_1389104b18a__8000	New_England_Baptist
 1_c996dd02de5c23a2__19165404_1380a6bebba__8000	KB_HOME
 1_c996dd02de5c23a2_19653975_13a4b285670__8000	Hefren-Tillotson_Inc
 1_c996dd02de5c23a2__19875a17_13433827577__8000	Scottsdale_Healthcare
 1_c996dd02de5c23a2__1eb882d9_137e24141d2__8000	Wyndham_Vacation_Ownership
 1_c996dd02de5c23a2_23166a1d_13ad6d13bc7__8000	Tyco_Fire_and_Security
 1_c996dd02de5c23a2__24f583ea_13545406be5__8000	Panhandle_State_Bank
 1_c996dd02de5c23a2_25351dac_1365adbb318__8000	Blue_Cross_of_Idaho
 1_c996dd02de5c23a2__2578d4be_137044c3df1__8000	Proofpoint_EMEA_Lab
 1_c996dd02de5c23a2_25c537bf_13697dc2840__8000	Raymond_James_Financial
 1_c996dd02de5c23a2__26756a93_139b09ce823__8000	Proofpoint_Japan
 1_c996dd02de5c23a2__27ef4814_13a462d14aa__8000	Harbor_Capital_Advisors
 1_c996dd02de5c23a2__2830bea1_13491bad50e__8000	Blue_Cross_Blue_Shield_Of_Montana
 1_c996dd02de5c23a2_2869ae9d_137e618a77a__8000	Wyndham-Parsippany
 1_c996dd02de5c23a2__2890e3a8_13a8efcfb48__8000	JR_Simplot
 1_c996dd02de5c23a2_29d3759e_1379a0cf581__8000	Montgomery_County_Community_College
 1_c996dd02de5c23a2_2a89ca4a_138b4f20b8b__8000	VMWare
 1_c996dd02de5c23a2_2b9e35d1_13a1e0e8804__8000	Residential_Finance
 1_c996dd02de5c23a2__2e345bbc_13a6ad69397__8000	Orix_USA_New
 1_c996dd02de5c23a2_34192a5f_1370f14be3e__8000	Microsoft_ANSI-D
 1_c996dd02de5c23a2__37e10763_13a21bd96d6__8000	Compsource_Oklahoma
 1_c996dd02de5c23a2__37e6fd63_13a463b890f__8000	Wyndham_Dot_Com
 1_c996dd02de5c23a2__39c279f5_136641f5b1f__8000	Compsource_Oklahoma
 1_c996dd02de5c23a2_3f4d1e38_13a764bf0b4__8000	Quicksilver
 1_c996dd02de5c23a2__466551b2_1362c167456__8000	Wasatchadvisors
 1_c996dd02de5c23a2__478e3407_1365f7ede67__8000	BGC_Capital_Partners
 1_c996dd02de5c23a2_47ae97a_1363ba38ad6__8000	Proofpoint_Hosted
 1_c996dd02de5c23a2__4cc2113d_134672ec3f5__8000	Citizens_Bank
 1_c996dd02de5c23a2_4f465d08_13a09038b1e__8000	Salient_Federal_Solutions
 1_c996dd02de5c23a2__4f665879_13839b7f30e__8000	Commerce_Bancshares_Inc
 1_c996dd02de5c23a2_50d1ec59_13a21de8233__8000	Acucela_Inc
 1_c996dd02de5c23a2__50e0ce15_1363586b1fb__8000	Allianz_Group_Germany
 1_c996dd02de5c23a2__51972709_134868a9bf0__8000	CP_Management_LLP
 1_c996dd02de5c23a2__52fb5c3e_13a031ad55e__8000	Massachusetts_Port_Authority
 1_c996dd02de5c23a2_543a7b7f_13a090f2011__8000	Merriman_Capital
 1_c996dd02de5c23a2_56016e1d_137038df8c7__8000	GroupM
 1_c996dd02de5c23a2_58485edf_13a090aaf48__8000	Slalom_Consulting
 1_c996dd02de5c23a2_586c0e18_1382e5eb670__8000	Tokio_Marine_Management_Inc
 1_c996dd02de5c23a2_5c3134f8_1373c9051d0__8000	CTPartners
 1_c996dd02de5c23a2__5d109b8f_1360c6c5381__8000	MTL_Insurance_Company
 1_c996dd02de5c23a2_612d6a07_13568e50423__8000	RAYMOND_JAMES_FINANCIAL_Inc
 1_c996dd02de5c23a2_64189672_1371831d44b__8000	Advanced_Auto_Parts
 1_c996dd02de5c23a2_660920e7_1383a1bebc6__8000	Savvis
 1_c996dd02de5c23a2_661f4865_13adc7d49e1__8000	HarborOne_Credit_Union_NEW2
 1_c996dd02de5c23a2__681d6573_13ab50fabe2__8000	Fremont_Bank
 1_c996dd02de5c23a2__693376a_1363ac08a63__8000	Ultimate_Software
 1_c996dd02de5c23a2_6946c0b2_139075d5664__8000	Tokio_Marine_TMNAS
 1_c996dd02de5c23a2__7327705e_13491708d03__8000	CR_Bard
 1_c996dd02de5c23a2_786d88a9_1397e5c2a36__8000	Sojitz_Corporation
 1_c996dd02de5c23a2__7966d980_13a475e454b__8000	Wyndham_Vacation_Ownership
 1_c996dd02de5c23a2_79da217e_1348fd07db2__8000	United_Talent_Agency
 1_c996dd02de5c23a2_7a26c414_13a88aac8df__8000	Wyndham-Parsippany_New
 1_c996dd02de5c23a2_7cf29161_13ae176122d__8000	City_Of_Loveland
 1_c996dd02de5c23a2_7f3e7b73_1392093023e__8000	Southwest_Network
 1_c996dd02de5c23a2_7fc4b61_1367f4debe6__8000	Petco_Animal_Supplies
 1_c996dd02de5c23a2__7fd336f3_138297b63d7__8000	University_of_Westminster
 1_c996dd02de5c23a2_7ff2e694_1394550eb9d__8000	SPS_Commerce
 1_c996dd02de5c23a2__8d5e0d_1390256acf1__8000	Harbor_Capital_Advisors
 1_c996dd02de5c23a2_e9325a2_13a09078302__8000	VMware
 1_cad784ca769bc25c__10b23a38_154e801ece5__8000	Related_Companies
 1_cb59c69f46b34ed4__1bdff5cc_14ffc0f9d5d__8000	financeofamerica
 1_cb7c63aebdb0bd95__62649acc_14d97a07bbf__8000	Prairie_View_A_and_M
 1_cbb9efeae9062dd8_14a73996_14e225c2135__8000	ENG_Lending
 1_cc9e45223400ce72__136294d4_13efbcb3f21__8000	Ocwen
 1_cc9e45223400ce72_1d45de0a_13db1dd4a66__8000	Overstock_dot_com
 1_cc9e45223400ce72_21d87a8f_13dc7bfd6dd__8000	Exchange_Bank
 1_cc9e45223400ce72__23a69484_13f7da719f9__8000	TIDEWORKS_TECHNOLOGY
 1_cc9e45223400ce72__2421a0e3_13c81e46f2f__8000	Blue_Cross_Blue_Shield_of_Vermont
 1_cc9e45223400ce72_30c80157_13fa004cc18__8000	Wyndham_Shell_Vacations
 1_cc9e45223400ce72__340de371_141132ab889__8000	ABTEXAS
 1_cc9e45223400ce72_351a3bd1_14079722b23__8000	WVU_Foundation
 1_cc9e45223400ce72_3795d956_140e5f4f9ff__8000	Southern_Crescent_Technical
 1_cc9e45223400ce72__3e171a8b_140c63f8cac__8000	ADVENTISTCA
 1_cc9e45223400ce72_3eb7d28c_13e60108dc5__8000	CUEL
 1_cc9e45223400ce72__3ee5d225_13da8e5b35c__8000	Community_Bank_Covina_Ca
 1_cc9e45223400ce72_3f8f8b8b_13e15067bd8__8000	ROYAL_BANK_OF_SCOTLAND
 1_cc9e45223400ce72__41d6cb8b_13efbd43bff__8000	Stanley_Consultants
 1_cc9e45223400ce72_500bb57e_13fce252ceb__8000	Finisar
 1_cc9e45223400ce72__552b99c4_13f829425d5__8000	STARWOOD_HOTELS
 1_cc9e45223400ce72__561c8bda_1413d9aa015__8000	ESPNORTHSHORE
 1_cc9e45223400ce72_57b887fe_141142c5e4f__8000	ENVOY_MORTGAGE
 1_cc9e45223400ce72_62d3e675_14160e8ed20__8000	AMFAM
 1_cc9e45223400ce72__6e9162fa_140c643ac5b__8000	City_Houston
 1_cc9e45223400ce72__71436a31_13db1dfaf80__8000	Penske_Automotive_Group_Inc
 1_cc9e45223400ce72__71b4a233_13d0333e098__8000	Pfizer
 1_cc9e45223400ce72__71baf4dd_1411455bf46__8000	Camping_World
 1_cc9e45223400ce72_7309edb3_1405abd35b4__8000	First_Reserve_Growth_Capital
 1_cc9e45223400ce72_7329ab7b_14054f59cc0__8000	Bank_Oklahoma_Denver
 1_cc9e45223400ce72_73b88489_14180cb0523__8000	EDC
 1_cc9e45223400ce72__765ed1d4_140c642837f__8000	Omnicom_Media_Group
 1_cc9e45223400ce72_79535fdc_14074b81ed3__8000	Bessemer_Trust
 1_cc9e45223400ce72__7a6e4333_13e5d63650b__8000	BankUnited
 1_cc9e45223400ce72_7f0ed416_13f868e246f__8000	AvMed
 1_cc9e45223400ce72__7fe748c3_13ece3d1a86__8000	BOSTON_MEDICAL_CENTER
 1_cc9e45223400ce72_8325b8c_141380e19e5__8000	First_Citizens_Bank
 1_cc9e45223400ce72__d5ff9f3_13dc96810c1__8000	AFL_CIO_HIT
 1_cc9e45223400ce72__f498f7_141610d2551__8000	SELECTMED
 1_cf00308abc7fc879_1db4d486_1521bb67438__8000	Lending_Club
 1_cf87c58479e76e4a__1ab058e3_15a8a8e7ed0__8000	Park_Sterling_Bank
 1_d0df9a0797778de7__5b85113e_15e2e2769b4__8000	foxentertainment
 1_d1e6daa847e36043__4ee65334_1506971d525__8000	alerehealth
 1_d2d3ceb5d5865ef2_591012dd_15506caa925__8000	Portfolio_Recovery_Associates
 1_d2d750fc3e6cee75__7b9d5204_153c712441b__8000	Microsoft_o365_Dedicated_Engineering_Lab
 1_d6279f3917770743__25755e1e_1430e43ad9e__8000	Manufacturers_Bank
 1_d62e09603e60005a__2cd53e4c_148d73e575d__8000	Boston_Mutual_Insurance
 1_dbce443c4c07ff56__59a14a15_15945324fb4__8000	First_Citizens_Bancshares
 1_dd4dc335c30cc8a6_58f304e2_15b48b1875f__8000	Netgear
 1_dd8f542b52aa01b8_5888c696_153eb77c996__8000	Buffalo_Sabres
 1_e08f7bac096b77fe_1545446f_15da9f5cdd5__8000	ElavonUS
 1_e12cb493363e0a04_542ebba3_14c384f336c__8000	USANA_Health_Sciences
 1_e1533b7565495d3f__4cdb1311_15451a011b2__8000	THD_POC
 1_e1db0079e4e09ca4__464df78_1420378f6dd__8000	riverviewbank
 1_e338eb03154d1493__7f38be74_148a99f9ef5__8000	Seahec
 1_e3c9baec526a4c0c_7570d06d_1590945c728__8000	San_Antonio_Regional_Hospital
 1_e51d085f919cdf67_7f7b642a_15d84a8f944__8000	allianzazlife
 1_eabcb6dc41a3a39a_6e92fee0_14d979f2ce7__8000	Russell_Reynolds
 1_ec9f58b5ea466ce5__27edd055_15a6b6d29b6__8000	Randa_Accessories
 1_ecc1cd0ae235b472_3c083b6_15c414d9616__8000	Masonicare
 1_ed7584d46669289b_183ed63e_1464e2fe640__8000	Peoples_Bank_of_NC
 1_ee09be96736f89e3__5aa050d5_14505628800__8000	Kerber_Eck_Braeckel
 1_ee1e47808a8265a6_5beb274d_1576c276092__8000	AFL-CIO
 1_ee4c841b7377b0ea_7fd10e0f_153421417d8__8000	Cohere_Communications
 1_ee6447f72a17aa18__20df94f0_146cf877e6e__8000	Coastal_Pines_Technical_College
 1_f164b8ba9e9ccef8_31d314ab_14fd76f776f__8000	Williston_Financial_Group
 1_f2f00c1d85d89e44__16a36bd9_14d307e91ae__8000	Academy_Mortgage
 1_f7261c5704a158dc_3221597_156948a68b8__8000	amos_of_america
 1_f772efe0c78aa948_73b1756b_15844a1043a__8000	Golden_State_Foods
 1_f830a2299254da65__40a1fd5c_151f32b90e2__8000	Manufacturers_Bank
 1_f91ab9f8c5f7a8b5__6800f051_14ead911c39__8000	Accuvant
 1_f9c3fdab566d420f_65fd744b_1569e4bbbc6__8000	united_states_environmental_services
 1_f9d5b636b1bcc54a_33831abf_1513de6f505__8000	Mosaic_Life_Care
 1_fa480c17ea99e291_2f0a1896_151408d0d74__8000	Purdue_Pharma
 1_fa54658d372954c8_766304c3_14a3ff624c5__8000	Education_Development_Center
 1_faa9d6dd75aec4fc__31fd67cd_15645a4a17a__8000	San_Diego_Chargers
 1_fb2d8605a69f65a3__24591049_14257b83f06__8000	Darden_Restaurants
 1_fc504c4959f8d209_2a596a8e_14c52afbcac__8000	CrossCountry_Mortgage
 1_fd36df04e76b5221_3a18b851_152647e9351__8000	Bay_Equity
 1_fe5b06024b68e7dc__1ed5e832_1419e3ef450__8000	Torrance_Memorial_Medical_Center
 1_ff12911a889e1182__512d7e10_15c3ae259ad__8000	Amerijet_International_Inc